
  .   ____          _            __ _ _
 /\\ / ___'_ __ _ _(_)_ __  __ _ \ \ \ \
( ( )\___ | '_ | '_| | '_ \/ _` | \ \ \ \
 \\/  ___)| |_)| | | | | || (_| |  ) ) ) )
  '  |____| .__|_| |_|_| |_\__, | / / / /
 =========|_|==============|___/=/_/_/_/

 :: Spring Boot ::                (v3.5.0)

2026-06-18T17:15:26.075+02:00  INFO 43080 --- [byte-hr] [           main] com.bytehr.ByteHrApplication             : Starting ByteHrApplication v1.0.0 using Java 21.0.9 with PID 43080 (C:\Temp\bytehr-app.jar started by tgode in \\wsl.localhost\Ubuntu\home\tgode\env\byte-me)
2026-06-18T17:15:26.080+02:00  INFO 43080 --- [byte-hr] [           main] com.bytehr.ByteHrApplication             : No active profile set, falling back to 1 default profile: "default"
2026-06-18T17:15:28.829+02:00  INFO 43080 --- [byte-hr] [           main] .s.d.r.c.RepositoryConfigurationDelegate : Bootstrapping Spring Data JPA repositories in DEFAULT mode.
2026-06-18T17:15:29.032+02:00  INFO 43080 --- [byte-hr] [           main] .s.d.r.c.RepositoryConfigurationDelegate : Finished Spring Data repository scanning in 179 ms. Found 4 JPA repository interfaces.
2026-06-18T17:15:30.321+02:00  INFO 43080 --- [byte-hr] [           main] o.s.b.w.embedded.tomcat.TomcatWebServer  : Tomcat initialized with port 8080 (http)
2026-06-18T17:15:30.354+02:00  INFO 43080 --- [byte-hr] [           main] o.apache.catalina.core.StandardService   : Starting service [Tomcat]
2026-06-18T17:15:30.354+02:00  INFO 43080 --- [byte-hr] [           main] o.apache.catalina.core.StandardEngine    : Starting Servlet engine: [Apache Tomcat/10.1.41]
2026-06-18T17:15:30.396+02:00  INFO 43080 --- [byte-hr] [           main] o.a.c.c.C.[Tomcat].[localhost].[/]       : Initializing Spring embedded WebApplicationContext
2026-06-18T17:15:30.397+02:00  INFO 43080 --- [byte-hr] [           main] w.s.c.ServletWebServerApplicationContext : Root WebApplicationContext: initialization completed in 4218 ms
2026-06-18T17:15:31.182+02:00  INFO 43080 --- [byte-hr] [           main] com.zaxxer.hikari.HikariDataSource       : HikariPool-1 - Starting...
2026-06-18T17:15:31.457+02:00  INFO 43080 --- [byte-hr] [           main] com.zaxxer.hikari.pool.HikariPool        : HikariPool-1 - Added connection org.postgresql.jdbc.PgConnection@6e49b011
2026-06-18T17:15:31.459+02:00  INFO 43080 --- [byte-hr] [           main] com.zaxxer.hikari.HikariDataSource       : HikariPool-1 - Start completed.
2026-06-18T17:15:31.497+02:00  INFO 43080 --- [byte-hr] [           main] org.flywaydb.core.FlywayExecutor         : Database: jdbc:postgresql://localhost:5432/bytehr (PostgreSQL 16.14)
2026-06-18T17:15:31.580+02:00  INFO 43080 --- [byte-hr] [           main] o.f.core.internal.command.DbValidate     : Successfully validated 5 migrations (execution time 00:00.047s)
2026-06-18T17:15:31.625+02:00  INFO 43080 --- [byte-hr] [           main] o.f.core.internal.command.DbMigrate      : Current version of schema "public": 5
2026-06-18T17:15:31.630+02:00  INFO 43080 --- [byte-hr] [           main] o.f.core.internal.command.DbMigrate      : Schema "public" is up to date. No migration necessary.
2026-06-18T17:15:31.798+02:00  INFO 43080 --- [byte-hr] [           main] o.hibernate.jpa.internal.util.LogHelper  : HHH000204: Processing PersistenceUnitInfo [name: default]
2026-06-18T17:15:31.939+02:00  INFO 43080 --- [byte-hr] [           main] org.hibernate.Version                    : HHH000412: Hibernate ORM core version 6.6.15.Final
2026-06-18T17:15:32.027+02:00  INFO 43080 --- [byte-hr] [           main] o.h.c.internal.RegionFactoryInitiator    : HHH000026: Second-level cache disabled
2026-06-18T17:15:32.581+02:00  INFO 43080 --- [byte-hr] [           main] o.s.o.j.p.SpringPersistenceUnitInfo      : No LoadTimeWeaver setup: ignoring JPA class transformer
2026-06-18T17:15:32.643+02:00  WARN 43080 --- [byte-hr] [           main] org.hibernate.orm.deprecation            : HHH90000025: PostgreSQLDialect does not need to be specified explicitly using 'hibernate.dialect' (remove the property setting and it will be selected by default)
2026-06-18T17:15:32.664+02:00  INFO 43080 --- [byte-hr] [           main] org.hibernate.orm.connections.pooling    : HHH10001005: Database info:
	Database JDBC URL [Connecting through datasource 'HikariDataSource (HikariPool-1)']
	Database driver: undefined/unknown
	Database version: 16.14
	Autocommit mode: undefined/unknown
	Isolation level: undefined/unknown
	Minimum pool size: undefined/unknown
	Maximum pool size: undefined/unknown
2026-06-18T17:15:33.678+02:00  INFO 43080 --- [byte-hr] [           main] o.h.e.t.j.p.i.JtaPlatformInitiator       : HHH000489: No JTA platform available (set 'hibernate.transaction.jta.platform' to enable JTA platform integration)
2026-06-18T17:15:33.729+02:00  INFO 43080 --- [byte-hr] [           main] j.LocalContainerEntityManagerFactoryBean : Initialized JPA EntityManagerFactory for persistence unit 'default'
2026-06-18T17:15:34.145+02:00  INFO 43080 --- [byte-hr] [           main] o.s.d.j.r.query.QueryEnhancerFactory     : Hibernate is in classpath; If applicable, HQL parser will be used.
2026-06-18T17:15:36.051+02:00  INFO 43080 --- [byte-hr] [           main] c.b.s.impl.LanguageDetectionServiceImpl  : Tika language detector loaded successfully
2026-06-18T17:15:36.209+02:00  WARN 43080 --- [byte-hr] [           main] c.b.i.sharepoint.SharePointClient        : SharePoint sync is disabled or credentials are not configured.
2026-06-18T17:15:37.760+02:00  INFO 43080 --- [byte-hr] [           main] o.s.b.a.e.web.EndpointLinksResolver      : Exposing 2 endpoints beneath base path '/actuator'
2026-06-18T17:15:37.822+02:00  WARN 43080 --- [byte-hr] [           main] .s.s.UserDetailsServiceAutoConfiguration : 

Using generated security password: 5fd949cb-bba0-44d0-bbb8-a0a58cc7a330

This generated password is for development use only. Your security configuration must be updated before running your application in production.

2026-06-18T17:15:37.849+02:00  INFO 43080 --- [byte-hr] [           main] r$InitializeUserDetailsManagerConfigurer : Global AuthenticationManager configured with UserDetailsService bean with name inMemoryUserDetailsManager
2026-06-18T17:15:38.802+02:00  INFO 43080 --- [byte-hr] [           main] o.s.b.w.embedded.tomcat.TomcatWebServer  : Tomcat started on port 8080 (http) with context path '/'
2026-06-18T17:15:38.818+02:00  INFO 43080 --- [byte-hr] [           main] com.bytehr.ByteHrApplication             : Started ByteHrApplication in 13.682 seconds (process running for 14.763)
2026-06-18T17:15:48.827+02:00  INFO 43080 --- [byte-hr] [   scheduling-1] c.b.s.impl.DocumentSyncServiceImpl       : Starting SharePoint document synchronization...
2026-06-18T17:15:48.827+02:00  WARN 43080 --- [byte-hr] [   scheduling-1] c.b.i.sharepoint.SharePointClient        : SharePoint client not initialized. Returning empty document list.
2026-06-18T17:15:48.827+02:00  INFO 43080 --- [byte-hr] [   scheduling-1] c.b.s.impl.DocumentSyncServiceImpl       : No documents found in SharePoint or sync disabled.
2026-06-18T17:16:03.235+02:00  INFO 43080 --- [byte-hr] [nio-8080-exec-7] o.a.c.c.C.[Tomcat].[localhost].[/]       : Initializing Spring DispatcherServlet 'dispatcherServlet'
2026-06-18T17:16:03.236+02:00  INFO 43080 --- [byte-hr] [nio-8080-exec-7] o.s.web.servlet.DispatcherServlet        : Initializing Servlet 'dispatcherServlet'
2026-06-18T17:16:03.238+02:00  INFO 43080 --- [byte-hr] [nio-8080-exec-7] o.s.web.servlet.DispatcherServlet        : Completed initialization in 2 ms
2026-06-18T17:16:03.394+02:00  INFO 43080 --- [byte-hr] [nio-8080-exec-7] com.bytehr.api.ChatController            : Chat request from userId='null', country='null'
2026-06-18T17:16:03.564+02:00  INFO 43080 --- [byte-hr] [nio-8080-exec-7] c.b.service.impl.HrResponseAgentImpl     : HR query from user='anonymous', country='null', lang='cy'
2026-06-18T17:16:26.814+02:00  INFO 43080 --- [byte-hr] [nio-8080-exec-1] com.bytehr.api.ChatController            : Chat request from userId='null', country='null'
2026-06-18T17:16:26.823+02:00  INFO 43080 --- [byte-hr] [nio-8080-exec-1] c.b.service.impl.HrResponseAgentImpl     : HR query from user='anonymous', country='null', lang='en'
2026-06-18T17:23:29.222+02:00  INFO 43080 --- [byte-hr] [nio-8080-exec-8] com.bytehr.api.ChatController            : Chat request from userId='null', country='null'
2026-06-18T17:23:29.229+02:00  INFO 43080 --- [byte-hr] [nio-8080-exec-8] c.b.service.impl.HrResponseAgentImpl     : HR query from user='anonymous', country='null', lang='en'
2026-06-18T17:23:34.374+02:00  INFO 43080 --- [byte-hr] [nio-8080-exec-2] com.bytehr.api.ChatController            : Chat request from userId='null', country='null'
2026-06-18T17:23:34.379+02:00  INFO 43080 --- [byte-hr] [nio-8080-exec-2] c.b.service.impl.HrResponseAgentImpl     : HR query from user='anonymous', country='null', lang='en'
